<?xml version="1.0" encoding="UTF-8"?>
<!-- Generated by org.testng.reporters.JUnitXMLReporter -->
<testsuite ignored="0" hostname="DESKTOP-GD611T9" failures="1" tests="1" name="To Title Check" time="13.825" errors="0" timestamp="2022-02-28T18:50:54 IST">
  <testcase classname="com.maven.E2EProject.TitleCheckInHomePage" name="titleCheck" time="0.031">
    <failure type="java.lang.AssertionError" message="expected [FEATURED COURSES] but found [FEATURED CORSES]">
      <![CDATA[java.lang.AssertionError: expected [FEATURED COURSES] but found [FEATURED CORSES]
at com.maven.E2EProject.TitleCheckInHomePage.titleCheck(TitleCheckInHomePage.java:33)
at java.base/java.util.ArrayList.forEach(ArrayList.java:1511)
... Removed 33 stack frames]]>
    </failure>
  </testcase> <!-- titleCheck -->
</testsuite> <!-- To Title Check -->
