<?xml version="1.0" encoding="UTF-8"?>
<!-- Generated by org.testng.reporters.JUnitXMLReporter -->
<testsuite ignored="0" hostname="DESKTOP-GD611T9" failures="0" tests="2" name="To Title Check" time="0.086" errors="0" timestamp="2022-03-01T14:45:15 IST">
  <testcase classname="com.maven.E2EProject.TitleCheckInHomePage" name="@BeforeTest browserInitializer" time="0.01">
    <failure type="java.lang.NullPointerException" message="Cannot invoke &amp;quot;String.contains(java.lang.CharSequence)&amp;quot; because &amp;quot;browser&amp;quot; is null">
      <![CDATA[java.lang.NullPointerException: Cannot invoke "String.contains(java.lang.CharSequence)" because "browser" is null
at com.maven.resources.Base.initializeDriver(Base.java:39)
at com.maven.E2EProject.TitleCheckInHomePage.browserInitializer(TitleCheckInHomePage.java:26)
at java.base/java.util.concurrent.FutureTask.run(FutureTask.java:264)
at java.base/java.util.concurrent.ThreadPoolExecutor.runWorker(ThreadPoolExecutor.java:1136)
at java.base/java.util.concurrent.ThreadPoolExecutor$Worker.run(ThreadPoolExecutor.java:635)
at java.base/java.lang.Thread.run(Thread.java:833)
... Removed 15 stack frames]]>
    </failure>
  </testcase> <!-- @BeforeTest browserInitializer -->
  <testcase classname="com.maven.E2EProject.navigationCheckInHomePage" name="@BeforeTest browserInitializer" time="0.01">
    <failure type="java.lang.NullPointerException" message="Cannot invoke &amp;quot;String.contains(java.lang.CharSequence)&amp;quot; because &amp;quot;browser&amp;quot; is null">
      <![CDATA[java.lang.NullPointerException: Cannot invoke "String.contains(java.lang.CharSequence)" because "browser" is null
at com.maven.resources.Base.initializeDriver(Base.java:39)
at com.maven.E2EProject.navigationCheckInHomePage.browserInitializer(navigationCheckInHomePage.java:22)
at java.base/java.util.concurrent.FutureTask.run(FutureTask.java:264)
at java.base/java.util.concurrent.ThreadPoolExecutor.runWorker(ThreadPoolExecutor.java:1136)
at java.base/java.util.concurrent.ThreadPoolExecutor$Worker.run(ThreadPoolExecutor.java:635)
at java.base/java.lang.Thread.run(Thread.java:833)
... Removed 15 stack frames]]>
    </failure>
  </testcase> <!-- @BeforeTest browserInitializer -->
  <testcase classname="com.maven.E2EProject.navigationCheckInHomePage" name="@AfterTest tearDown" time="0.0">
    <skipped/>
  </testcase> <!-- @AfterTest tearDown -->
  <testcase classname="com.maven.E2EProject.TitleCheckInHomePage" name="@AfterTest tearDown" time="0.0">
    <skipped/>
  </testcase> <!-- @AfterTest tearDown -->
  <testcase classname="com.maven.E2EProject.TitleCheckInHomePage" name="headerCheck" time="0.0">
    <skipped/>
  </testcase> <!-- headerCheck -->
  <testcase classname="com.maven.E2EProject.TitleCheckInHomePage" name="titleCheck" time="0.001">
    <skipped/>
  </testcase> <!-- titleCheck -->
</testsuite> <!-- To Title Check -->
