<?xml version="1.0" encoding="UTF-8"?>
<!-- Generated by org.testng.reporters.JUnitXMLReporter -->
<testsuite ignored="0" hostname="DESKTOP-GD611T9" failures="0" tests="4" name="Test" time="31.504" errors="0" timestamp="2022-02-28T14:47:50 IST">
  <testcase classname="com.maven.E2EProject.HomePage" name="loadURL" time="8.098"/>
  <testcase classname="com.maven.E2EProject.HomePage" name="loadURL" time="2.199"/>
  <testcase classname="com.maven.E2EProject.TitleCheckInHomePage" name="titleCheck" time="0.099"/>
  <testcase classname="com.maven.E2EProject.navigationCheckInHomePage" name="getNavigation" time="0.14"/>
</testsuite> <!-- Test -->
