<?xml version="1.0" encoding="UTF-8"?>
<!-- Generated by org.testng.reporters.JUnitXMLReporter -->
<testsuite ignored="0" hostname="DESKTOP-GD611T9" failures="1" tests="1" name="To Title Check" time="21.045" errors="0" timestamp="2022-03-01T08:42:04 IST">
  <testcase classname="com.maven.E2EProject.TitleCheckInHomePage" name="titleCheck" time="0.113">
    <failure type="java.lang.AssertionError" message="expected [FEATURED COURSES] but found [FEATURED CORSES]">
      <![CDATA[java.lang.AssertionError: expected [FEATURED COURSES] but found [FEATURED CORSES]
at com.maven.E2EProject.TitleCheckInHomePage.titleCheck(TitleCheckInHomePage.java:33)
at java.base/java.util.ArrayList.forEach(ArrayList.java:1541)
at java.base/java.util.concurrent.FutureTask.run(FutureTask.java:264)
at java.base/java.util.concurrent.ThreadPoolExecutor.runWorker(ThreadPoolExecutor.java:1128)
at java.base/java.util.concurrent.ThreadPoolExecutor$Worker.run(ThreadPoolExecutor.java:628)
at java.base/java.lang.Thread.run(Thread.java:834)
... Removed 24 stack frames]]>
    </failure>
  </testcase> <!-- titleCheck -->
</testsuite> <!-- To Title Check -->
