<?xml version="1.0" encoding="UTF-8"?>
<!-- Generated by org.testng.reporters.JUnitXMLReporter -->
<testsuite ignored="0" hostname="DESKTOP-GD611T9" failures="1" tests="1" name="To Title Check" time="64.574" errors="0" timestamp="2022-03-01T15:43:33 IST">
  <testcase classname="com.maven.E2EProject.TitleCheckInHomePage" name="headerCheck" time="0.003">
    <failure type="java.lang.NullPointerException">
      <![CDATA[java.lang.NullPointerException
at com.maven.E2EProject.TitleCheckInHomePage.headerCheck(TitleCheckInHomePage.java:42)
at java.base/java.util.ArrayList.forEach(ArrayList.java:1541)
at java.base/java.util.concurrent.FutureTask.run(FutureTask.java:264)
at java.base/java.util.concurrent.ThreadPoolExecutor.runWorker(ThreadPoolExecutor.java:1128)
at java.base/java.util.concurrent.ThreadPoolExecutor$Worker.run(ThreadPoolExecutor.java:628)
at java.base/java.lang.Thread.run(Thread.java:834)
... Removed 18 stack frames]]>
    </failure>
  </testcase> <!-- headerCheck -->
</testsuite> <!-- To Title Check -->
