<?xml version="1.0" encoding="UTF-8"?>
<testsuite xmlns:xsi="http://www.w3.org/2001/XMLSchema-instance" xsi:noNamespaceSchemaLocation="https://maven.apache.org/surefire/maven-surefire-plugin/xsd/surefire-test-report-3.0.xsd" version="3.0" name="TestSuite" time="65.889" tests="2" errors="0" skipped="0" failures="2">
  <properties>
[...]
</properties>
  <testcase name="headerCheck" classname="com.maven.E2EProject.TitleCheckInHomePage" time="3.348">
    <failure type="java.lang.NullPointerException"><![CDATA[java.lang.NullPointerException
	at com.maven.E2EProject.TitleCheckInHomePage.headerCheck(TitleCheckInHomePage.java:42)
]]></failure>
    <system-out><![CDATA[chrome
chrome
chrome
]]></system-out>
    <system-err><![CDATA[SLF4J: Failed to load class "org.slf4j.impl.StaticLoggerBinder".
SLF4J: Defaulting to no-operation (NOP) logger implementation
SLF4J: See http://www.slf4j.org/codes.html#StaticLoggerBinder for further details.
Starting ChromeDriver 97.0.4692.71 (adefa78S37d0t2arat0in7ga C6h0ro4mecDr1iev6eerf f907b.30a.0469942S2.72t1aa br8(t8aidnegf a7Cd8-3r7edfs0/2hbar0roma7enDcarh6i-0vh4eecra d19e7s6.e/0f.4f46069b9232@a.{07#119 2(44a72d}e2)f aaob7n8 83p78odr0dt2 -a50r97e3a06204
fcO1nsel6/yeb frfla0obncc3aahl0- 9hc4eo2ann2ecdatsb/8i84od6n-9sr2 e@af{rs#e/1 b2a4rla7l}noc)wh eo-dnh. epa
oPdrslt/e 4a65s79e82 5@s8{e#e1
 O2hn4t7lty}p )s l:oo/nc/ aclph orcoromtne nde6r2cit6vi7e7orn.
sc Ohnarlroyem  ilauolmcl.aoolwr egdc/o.sne
ncPeucrlietatsiyoe-n ssce oane rhest idteparlsa:l/o/wtiecodhn.s forro
 sPumgegedsrtiiovnesr l.ocneh arkoesmeeipui mn.gos rCgeh/resoemce uDrrihitvyte-rc tosnapsfiesd.e:r
a/ti/onCcsh rfhoomrre osDurmgigveeesrd wrais vsteartrte.di oscnucshc erososnfm ukileluyem.pi.
nog rChgr/omseeDrciuverri stayfe-.c
onsiderations for CshurgomgeeDrsitveir owans sst arotend  sukcceesespfiunllgy .Ch
romeDriver safe.
ChromeDriver was started successfully.
[1646129551.544][WARNING]: This version of ChromeDriver has not been tested with Chrome version 98.
[1646129551.690][WARNING]: This version of ChromeDriver has not been tested with Chrome version 98.
[1646129551.785][WARNING]: This version of ChromeDriver has not been tested with Chrome version 98.
Mar 01, 2022 3:42:32 PM org.openqa.selenium.remote.ProtocolHandshake createSession
INFO: Detected dialect: W3C
Mar 01, 2022 3:42:32 PM org.openqa.selenium.remote.ProtocolHandshake createSession
INFO: Detected dialect: W3C
Mar 01, 2022 3:42:32 PM org.openqa.selenium.remote.ProtocolHandshake createSession
INFO: Detected dialect: W3C
Mar 01, 2022 3:42:32 PM org.openqa.selenium.devtools.CdpVersionFinder findNearestMatch
WARNING: Unable to find an exact match for CDP version 98, so returning the closest version found: 96
Mar 01, 2022 3:42:32 PM org.openqa.selenium.devtools.CdpVersionFinder findNearestMatch
WARNING: Unable to find an exact match for CDP version 98, so returning the closest version found: 96
Mar 01, 2022 3:42:32 PM org.openqa.selenium.devtools.CdpVersionFinder findNearestMatch
WARNING: Unable to find an exact match for CDP version 98, so returning the closest version found: 96
Mar 01, 2022 3:42:32 PM org.openqa.selenium.devtools.CdpVersionFinder findNearestMatch
INFO: Found CDP implementation for version 98 of 96
Mar 01, 2022 3:42:32 PM org.openqa.selenium.devtools.CdpVersionFinder findNearestMatch
INFO: Found CDP implementation for version 98 of 96
Mar 01, 2022 3:42:32 PM org.openqa.selenium.devtools.CdpVersionFinder findNearestMatch
INFO: Found CDP implementation for version 98 of 96
]]></system-err>
  </testcase>
  <testcase name="getNavigation" classname="com.maven.E2EProject.navigationCheckInHomePage" time="10.418">
    <failure message="stale element reference: element is not attached to the page document&#10;  (Session info: chrome=98.0.4758.102)&#10;For documentation on this error, please visit: https://selenium.dev/exceptions/#stale_element_reference&#10;Build info: version: &apos;4.1.1&apos;, revision: &apos;e8fcc2cecf&apos;&#10;System info: host: &apos;DESKTOP-GD611T9&apos;, ip: &apos;192.168.56.1&apos;, os.name: &apos;Windows 10&apos;, os.arch: &apos;amd64&apos;, os.version: &apos;10.0&apos;, java.version: &apos;11.0.14&apos;&#10;Driver info: org.openqa.selenium.chrome.ChromeDriver&#10;Command: [b1b373e669aae889f185b3d377978fbc, isElementDisplayed {id=c2ab998b-175c-4e86-814c-a9e13fa22103}]&#10;Capabilities {acceptInsecureCerts: false, browserName: chrome, browserVersion: 98.0.4758.102, chrome: {chromedriverVersion: 97.0.4692.71 (adefa7837d02a..., userDataDir: C:\Users\BHARAT~1\AppData\L...}, goog:chromeOptions: {debuggerAddress: localhost:58310}, javascriptEnabled: true, networkConnectionEnabled: false, pageLoadStrategy: normal, platform: WINDOWS, platformName: WINDOWS, proxy: Proxy(), se:cdp: ws://localhost:58310/devtoo..., se:cdpVersion: 98.0.4758.102, setWindowRect: true, strictFileInteractability: false, timeouts: {implicit: 0, pageLoad: 300000, script: 30000}, unhandledPromptBehavior: dismiss and notify, webauthn:extension:credBlob: true, webauthn:extension:largeBlob: true, webauthn:virtualAuthenticators: true}&#10;Element: [[ChromeDriver: chrome on WINDOWS (b1b373e669aae889f185b3d377978fbc)] -&gt; xpath: //nav[@class=&apos;navbar-collapse collapse&apos;]]&#10;Session ID: b1b373e669aae889f185b3d377978fbc" type="org.openqa.selenium.StaleElementReferenceException"><![CDATA[org.openqa.selenium.StaleElementReferenceException: 
stale element reference: element is not attached to the page document
  (Session info: chrome=98.0.4758.102)
For documentation on this error, please visit: https://selenium.dev/exceptions/#stale_element_reference
Build info: version: '4.1.1', revision: 'e8fcc2cecf'
System info: host: 'DESKTOP-GD611T9', ip: '192.168.56.1', os.name: 'Windows 10', os.arch: 'amd64', os.version: '10.0', java.version: '11.0.14'
Driver info: org.openqa.selenium.chrome.ChromeDriver
Command: [b1b373e669aae889f185b3d377978fbc, isElementDisplayed {id=c2ab998b-175c-4e86-814c-a9e13fa22103}]
Capabilities {acceptInsecureCerts: false, browserName: chrome, browserVersion: 98.0.4758.102, chrome: {chromedriverVersion: 97.0.4692.71 (adefa7837d02a..., userDataDir: C:\Users\BHARAT~1\AppData\L...}, goog:chromeOptions: {debuggerAddress: localhost:58310}, javascriptEnabled: true, networkConnectionEnabled: false, pageLoadStrategy: normal, platform: WINDOWS, platformName: WINDOWS, proxy: Proxy(), se:cdp: ws://localhost:58310/devtoo..., se:cdpVersion: 98.0.4758.102, setWindowRect: true, strictFileInteractability: false, timeouts: {implicit: 0, pageLoad: 300000, script: 30000}, unhandledPromptBehavior: dismiss and notify, webauthn:extension:credBlob: true, webauthn:extension:largeBlob: true, webauthn:virtualAuthenticators: true}
Element: [[ChromeDriver: chrome on WINDOWS (b1b373e669aae889f185b3d377978fbc)] -> xpath: //nav[@class='navbar-collapse collapse']]
Session ID: b1b373e669aae889f185b3d377978fbc
	at com.maven.E2EProject.navigationCheckInHomePage.getNavigation(navigationCheckInHomePage.java:31)
]]></failure>
  </testcase>
</testsuite>