-------------------------------------------------------------------------------
Test set: TestSuite
-------------------------------------------------------------------------------
Tests run: 4, Failures: 1, Errors: 0, Skipped: 0, Time elapsed: 32.786 s <<< FAILURE! - in TestSuite
com.maven.E2EProject.TitleCheckInHomePage.titleCheck  Time elapsed: 0.94 s  <<< FAILURE!
java.lang.AssertionError: expected [FEATURED COURSES] but found [FEATURED CORSES]
	at com.maven.E2EProject.TitleCheckInHomePage.titleCheck(TitleCheckInHomePage.java:33)

